[2026-04-14 15:27:18] --------------------------------------------------
[2026-04-14 15:27:18] GAMB COLETOR iniciado
[2026-04-14 15:27:18] Servidor: SRVAPEX173
[2026-04-14 15:27:19] IP: 10.85.0.173
[2026-04-14 15:27:19] Filtro servico: TOTVS
[2026-04-14 15:27:19] JSON: gamb-coletor\out-extra\status-servico.json
[2026-04-14 15:27:19] Intervalo: 1s
[2026-04-14 15:27:28] --------------------------------------------------
[2026-04-14 15:27:28] GAMB COLETOR iniciado
[2026-04-14 15:27:28] Servidor: SRVAPEX173
[2026-04-14 15:27:29] IP: 10.85.0.173
[2026-04-14 15:27:29] Filtro servico: TOTVS
[2026-04-14 15:27:29] JSON: gamb-coletor\out-extra\status-servico.json
[2026-04-14 15:27:30] Intervalo: 1s
[2026-04-14 15:28:19] JSON atualizado - Servicos filtrados: 9
[2026-04-14 15:28:55] ERRO ao atualizar JSON
[2026-04-14 15:29:07] ERRO ao atualizar JSON
[2026-04-14 15:29:18] ERRO ao atualizar JSON
[2026-04-14 15:30:23] ERRO ao atualizar JSON
[2026-04-14 15:30:48] ERRO ao atualizar JSON
[2026-04-14 15:30:55] ERRO ao atualizar JSON
[2026-04-14 15:31:02] ERRO ao atualizar JSON
[2026-04-14 15:31:09] ERRO ao atualizar JSON
[2026-04-14 15:31:17] ERRO ao atualizar JSON
[2026-04-14 15:31:24] ERRO ao atualizar JSON
[2026-04-14 15:31:43] ERRO ao atualizar JSON
[2026-04-14 15:31:53] ERRO ao atualizar JSON
[2026-04-14 15:32:00] ERRO ao atualizar JSON
[2026-04-14 15:32:07] ERRO ao atualizar JSON
[2026-04-14 15:32:15] ERRO ao atualizar JSON
[2026-04-14 15:32:22] ERRO ao atualizar JSON
[2026-04-14 15:32:30] ERRO ao atualizar JSON
[2026-04-14 15:32:39] ERRO ao atualizar JSON
[2026-04-14 15:32:46] ERRO ao atualizar JSON
[2026-04-14 15:32:54] ERRO ao atualizar JSON
[2026-04-14 15:33:01] ERRO ao atualizar JSON
[2026-04-14 15:33:08] ERRO ao atualizar JSON
[2026-04-14 15:33:16] ERRO ao atualizar JSON
[2026-04-14 15:33:23] ERRO ao atualizar JSON
[2026-04-14 15:33:30] ERRO ao atualizar JSON
[2026-04-14 15:33:37] ERRO ao atualizar JSON
[2026-04-14 15:33:58] ERRO ao atualizar JSON
[2026-04-14 15:34:06] ERRO ao atualizar JSON
[2026-04-14 15:34:13] ERRO ao atualizar JSON
[2026-04-14 15:34:20] ERRO ao atualizar JSON
[2026-04-14 15:34:27] ERRO ao atualizar JSON
[2026-04-14 15:34:34] ERRO ao atualizar JSON
[2026-04-14 15:34:41] ERRO ao atualizar JSON
[2026-04-14 15:34:48] ERRO ao atualizar JSON
[2026-04-14 15:34:55] ERRO ao atualizar JSON
[2026-04-14 15:35:02] ERRO ao atualizar JSON
[2026-04-14 15:35:26] ERRO ao atualizar JSON
[2026-04-14 15:35:33] ERRO ao atualizar JSON
[2026-04-14 15:35:46] ERRO ao atualizar JSON
[2026-04-14 15:35:53] ERRO ao atualizar JSON
[2026-04-14 15:36:00] ERRO ao atualizar JSON
[2026-04-14 15:36:07] ERRO ao atualizar JSON
[2026-04-14 15:36:14] ERRO ao atualizar JSON
[2026-04-14 15:36:22] ERRO ao atualizar JSON
[2026-04-14 15:36:29] ERRO ao atualizar JSON
[2026-04-14 15:36:41] ERRO ao atualizar JSON
[2026-04-14 15:36:49] ERRO ao atualizar JSON
[2026-04-14 15:36:56] ERRO ao atualizar JSON
[2026-04-14 15:37:04] ERRO ao atualizar JSON
[2026-04-14 15:37:26] ERRO ao atualizar JSON
[2026-04-14 15:37:38] ERRO ao atualizar JSON
[2026-04-14 15:37:50] ERRO ao atualizar JSON
[2026-04-14 15:38:02] ERRO ao atualizar JSON
[2026-04-14 15:38:14] ERRO ao atualizar JSON
[2026-04-14 15:38:27] ERRO ao atualizar JSON
[2026-04-14 15:38:50] ERRO ao atualizar JSON
[2026-04-14 15:39:18] ERRO ao atualizar JSON
[2026-04-14 15:39:37] ERRO ao atualizar JSON
[2026-04-14 15:40:15] ERRO ao atualizar JSON
[2026-04-14 15:40:32] ERRO ao atualizar JSON
[2026-04-14 15:40:51] ERRO ao atualizar JSON
[2026-04-14 15:41:04] ERRO ao atualizar JSON
[2026-04-14 15:41:17] ERRO ao atualizar JSON
[2026-04-14 15:41:30] ERRO ao atualizar JSON
[2026-04-14 15:41:42] ERRO ao atualizar JSON
[2026-04-14 15:41:54] ERRO ao atualizar JSON
[2026-04-14 15:42:05] ERRO ao atualizar JSON
[2026-04-14 15:42:21] ERRO ao atualizar JSON
[2026-04-14 15:42:31] ERRO ao atualizar JSON
[2026-04-14 15:42:43] ERRO ao atualizar JSON
[2026-04-14 15:42:55] ERRO ao atualizar JSON
[2026-04-14 15:43:07] ERRO ao atualizar JSON
[2026-04-14 15:43:35] ERRO ao atualizar JSON
[2026-04-14 15:43:54] ERRO ao atualizar JSON
[2026-04-14 15:44:33] ERRO ao atualizar JSON
[2026-04-14 15:44:52] ERRO ao atualizar JSON
[2026-04-14 15:45:04] ERRO ao atualizar JSON
[2026-04-14 15:45:36] ERRO ao atualizar JSON
[2026-04-14 15:46:10] ERRO ao atualizar JSON
[2026-04-14 15:46:22] ERRO ao atualizar JSON
[2026-04-14 15:46:42] ERRO ao atualizar JSON
[2026-04-14 15:46:55] ERRO ao atualizar JSON
[2026-04-14 15:47:39] ERRO ao atualizar JSON
[2026-04-14 15:47:52] ERRO ao atualizar JSON
[2026-04-14 15:48:03] ERRO ao atualizar JSON
[2026-04-14 15:48:16] ERRO ao atualizar JSON
[2026-04-14 15:49:35] ERRO ao atualizar JSON
[2026-04-14 15:49:35] ERRO ao atualizar JSON
[2026-04-14 15:49:36] ERRO ao atualizar JSON
[2026-04-14 15:49:47] ERRO ao atualizar JSON
[2026-04-14 15:50:18] ERRO ao atualizar JSON
[2026-04-14 15:50:34] ERRO ao atualizar JSON
[2026-04-14 15:50:46] ERRO ao atualizar JSON
[2026-04-14 15:51:05] ERRO ao atualizar JSON
[2026-04-14 15:51:17] ERRO ao atualizar JSON
[2026-04-14 15:51:34] ERRO ao atualizar JSON
[2026-04-14 15:51:48] ERRO ao atualizar JSON
[2026-04-14 15:52:00] ERRO ao atualizar JSON
[2026-04-14 15:52:21] ERRO ao atualizar JSON
[2026-04-14 15:52:33] ERRO ao atualizar JSON
[2026-04-14 15:52:47] ERRO ao atualizar JSON
[2026-04-14 15:52:59] ERRO ao atualizar JSON
[2026-04-14 15:53:22] ERRO ao atualizar JSON
[2026-04-14 15:53:33] ERRO ao atualizar JSON
[2026-04-14 15:53:58] ERRO ao atualizar JSON
[2026-04-14 15:54:09] ERRO ao atualizar JSON
[2026-04-14 15:54:37] ERRO ao atualizar JSON
[2026-04-14 15:55:01] ERRO ao atualizar JSON
[2026-04-14 15:55:13] ERRO ao atualizar JSON
[2026-04-14 15:55:25] ERRO ao atualizar JSON
[2026-04-14 15:55:37] ERRO ao atualizar JSON
[2026-04-14 15:55:56] ERRO ao atualizar JSON
[2026-04-14 15:56:08] ERRO ao atualizar JSON
[2026-04-14 15:56:21] ERRO ao atualizar JSON
[2026-04-14 15:56:40] ERRO ao atualizar JSON
[2026-04-14 15:56:58] ERRO ao atualizar JSON
[2026-04-14 15:57:14] ERRO ao atualizar JSON
[2026-04-14 15:57:44] ERRO ao atualizar JSON
[2026-04-14 15:57:57] ERRO ao atualizar JSON
[2026-04-14 15:58:14] ERRO ao atualizar JSON
[2026-04-14 15:58:26] ERRO ao atualizar JSON
[2026-04-14 15:58:38] ERRO ao atualizar JSON
[2026-04-14 15:59:03] ERRO ao atualizar JSON
[2026-04-14 15:59:14] ERRO ao atualizar JSON
[2026-04-14 15:59:27] ERRO ao atualizar JSON
[2026-04-14 15:59:39] ERRO ao atualizar JSON
[2026-04-14 15:59:51] ERRO ao atualizar JSON
[2026-04-14 16:00:38] ERRO ao atualizar JSON
[2026-04-14 16:01:12] ERRO ao atualizar JSON
[2026-04-14 16:01:32] ERRO ao atualizar JSON
[2026-04-14 16:01:45] ERRO ao atualizar JSON
[2026-04-14 16:01:58] ERRO ao atualizar JSON
[2026-04-14 16:02:11] ERRO ao atualizar JSON
[2026-04-14 16:02:38] ERRO ao atualizar JSON
[2026-04-14 16:02:55] ERRO ao atualizar JSON
[2026-04-14 16:03:07] ERRO ao atualizar JSON
[2026-04-14 16:03:20] ERRO ao atualizar JSON
[2026-04-14 16:03:33] ERRO ao atualizar JSON
[2026-04-14 16:04:02] ERRO ao atualizar JSON
[2026-04-14 16:04:14] ERRO ao atualizar JSON
[2026-04-14 16:04:27] ERRO ao atualizar JSON
[2026-04-14 16:04:44] ERRO ao atualizar JSON
[2026-04-14 16:05:18] ERRO ao atualizar JSON
[2026-04-14 16:05:30] ERRO ao atualizar JSON
[2026-04-14 16:06:01] ERRO ao atualizar JSON
[2026-04-14 16:06:12] ERRO ao atualizar JSON
[2026-04-14 16:06:23] ERRO ao atualizar JSON
[2026-04-14 16:06:51] ERRO ao atualizar JSON
[2026-04-14 16:07:08] ERRO ao atualizar JSON
[2026-04-14 16:07:21] ERRO ao atualizar JSON
[2026-04-14 16:07:38] ERRO ao atualizar JSON
[2026-04-14 16:07:56] ERRO ao atualizar JSON
[2026-04-14 16:08:08] ERRO ao atualizar JSON
[2026-04-14 16:08:50] ERRO ao atualizar JSON
[2026-04-14 16:09:56] ERRO ao atualizar JSON
[2026-04-14 16:10:10] ERRO ao atualizar JSON
[2026-04-14 16:10:24] ERRO ao atualizar JSON
[2026-04-14 16:11:34] ERRO ao atualizar JSON
[2026-04-14 16:11:45] ERRO ao atualizar JSON
[2026-04-14 16:11:57] ERRO ao atualizar JSON
[2026-04-14 16:12:11] ERRO ao atualizar JSON
[2026-04-14 16:12:34] ERRO ao atualizar JSON
